0 info it worked if it ends with ok
1 verbose cli [ 'node',
1 verbose cli   '/usr/local/bin/npm',
1 verbose cli   'install',
1 verbose cli   'angular-sanitizebower',
1 verbose cli   'install',
1 verbose cli   'angular-sanitize' ]
2 info using npm@1.4.28
3 info using node@v0.10.35
4 verbose cache add [ 'angular-sanitizebower', null ]
5 verbose cache add name=undefined spec="angular-sanitizebower" args=["angular-sanitizebower",null]
6 verbose parsed url { protocol: null,
6 verbose parsed url   slashes: null,
6 verbose parsed url   auth: null,
6 verbose parsed url   host: null,
6 verbose parsed url   port: null,
6 verbose parsed url   hostname: null,
6 verbose parsed url   hash: null,
6 verbose parsed url   search: null,
6 verbose parsed url   query: null,
6 verbose parsed url   pathname: 'angular-sanitizebower',
6 verbose parsed url   path: 'angular-sanitizebower',
6 verbose parsed url   href: 'angular-sanitizebower' }
7 verbose cache add [ 'install', null ]
8 verbose cache add name=undefined spec="install" args=["install",null]
9 verbose parsed url { protocol: null,
9 verbose parsed url   slashes: null,
9 verbose parsed url   auth: null,
9 verbose parsed url   host: null,
9 verbose parsed url   port: null,
9 verbose parsed url   hostname: null,
9 verbose parsed url   hash: null,
9 verbose parsed url   search: null,
9 verbose parsed url   query: null,
9 verbose parsed url   pathname: 'install',
9 verbose parsed url   path: 'install',
9 verbose parsed url   href: 'install' }
10 verbose cache add [ 'angular-sanitize', null ]
11 verbose cache add name=undefined spec="angular-sanitize" args=["angular-sanitize",null]
12 verbose parsed url { protocol: null,
12 verbose parsed url   slashes: null,
12 verbose parsed url   auth: null,
12 verbose parsed url   host: null,
12 verbose parsed url   port: null,
12 verbose parsed url   hostname: null,
12 verbose parsed url   hash: null,
12 verbose parsed url   search: null,
12 verbose parsed url   query: null,
12 verbose parsed url   pathname: 'angular-sanitize',
12 verbose parsed url   path: 'angular-sanitize',
12 verbose parsed url   href: 'angular-sanitize' }
13 silly lockFile 27be6627-angular-sanitizebower angular-sanitizebower
14 verbose lock angular-sanitizebower /Users/prabhatsingh/.npm/27be6627-angular-sanitizebower.lock
15 silly lockFile 89fb511f-install install
16 verbose lock install /Users/prabhatsingh/.npm/89fb511f-install.lock
17 silly lockFile 6236b30c-angular-sanitize angular-sanitize
18 verbose lock angular-sanitize /Users/prabhatsingh/.npm/6236b30c-angular-sanitize.lock
19 silly lockFile 27be6627-angular-sanitizebower angular-sanitizebower
20 silly lockFile 27be6627-angular-sanitizebower angular-sanitizebower
21 silly lockFile 89fb511f-install install
22 silly lockFile 89fb511f-install install
23 silly lockFile 6236b30c-angular-sanitize angular-sanitize
24 silly lockFile 6236b30c-angular-sanitize angular-sanitize
25 verbose addNamed [ 'angular-sanitizebower', '' ]
26 verbose addNamed [ null, '*' ]
27 silly lockFile 4307069e-angular-sanitizebower angular-sanitizebower@
28 verbose lock angular-sanitizebower@ /Users/prabhatsingh/.npm/4307069e-angular-sanitizebower.lock
29 verbose addNamed [ 'install', '' ]
30 verbose addNamed [ null, '*' ]
31 silly lockFile cadb329f-install install@
32 verbose lock install@ /Users/prabhatsingh/.npm/cadb329f-install.lock
33 verbose addNamed [ 'angular-sanitize', '' ]
34 verbose addNamed [ null, '*' ]
35 silly lockFile d3afb05e-angular-sanitize angular-sanitize@
36 verbose lock angular-sanitize@ /Users/prabhatsingh/.npm/d3afb05e-angular-sanitize.lock
37 silly addNameRange { name: 'angular-sanitizebower', range: '*', hasData: false }
38 silly addNameRange { name: 'install', range: '*', hasData: false }
39 silly addNameRange { name: 'angular-sanitize', range: '*', hasData: false }
40 verbose request where is /angular-sanitizebower
41 verbose request registry https://registry.npmjs.org/
42 verbose request id 6650fcd6ae0cd334
43 verbose url raw /angular-sanitizebower
44 verbose url resolving [ 'https://registry.npmjs.org/', './angular-sanitizebower' ]
45 verbose url resolved https://registry.npmjs.org/angular-sanitizebower
46 verbose request where is https://registry.npmjs.org/angular-sanitizebower
47 info trying registry request attempt 1 at 13:31:09
48 http GET https://registry.npmjs.org/angular-sanitizebower
49 verbose request where is /install
50 verbose request registry https://registry.npmjs.org/
51 verbose url raw /install
52 verbose url resolving [ 'https://registry.npmjs.org/', './install' ]
53 verbose url resolved https://registry.npmjs.org/install
54 verbose request where is https://registry.npmjs.org/install
55 info trying registry request attempt 1 at 13:31:09
56 http GET https://registry.npmjs.org/install
57 verbose request where is /angular-sanitize
58 verbose request registry https://registry.npmjs.org/
59 verbose url raw /angular-sanitize
60 verbose url resolving [ 'https://registry.npmjs.org/', './angular-sanitize' ]
61 verbose url resolved https://registry.npmjs.org/angular-sanitize
62 verbose request where is https://registry.npmjs.org/angular-sanitize
63 info trying registry request attempt 1 at 13:31:09
64 verbose etag "D7XYPHA922UST8K3EAHLQ1XYQ"
65 http GET https://registry.npmjs.org/angular-sanitize
66 http 304 https://registry.npmjs.org/angular-sanitize
67 silly registry.get cb [ 304,
67 silly registry.get   { date: 'Sat, 06 Jun 2015 08:01:11 GMT',
67 silly registry.get     via: '1.1 varnish',
67 silly registry.get     'cache-control': 'max-age=60',
67 silly registry.get     etag: '"D7XYPHA922UST8K3EAHLQ1XYQ"',
67 silly registry.get     age: '0',
67 silly registry.get     connection: 'keep-alive',
67 silly registry.get     'x-served-by': 'cache-sin6923-SIN',
67 silly registry.get     'x-cache': 'HIT',
67 silly registry.get     'x-cache-hits': '1',
67 silly registry.get     'x-timer': 'S1433577671.337170,VS0,VE263',
67 silly registry.get     vary: 'Accept' } ]
68 verbose etag https://registry.npmjs.org/angular-sanitize from cache
69 silly addNameRange number 2 { name: 'angular-sanitize', range: '*', hasData: true }
70 silly addNameRange versions [ 'angular-sanitize',
70 silly addNameRange   [ '0.0.1',
70 silly addNameRange     '1.3.0-rc.5',
70 silly addNameRange     '1.3.0',
70 silly addNameRange     '1.3.1',
70 silly addNameRange     '1.3.2',
70 silly addNameRange     '1.3.3',
70 silly addNameRange     '1.3.4-build.3587',
70 silly addNameRange     '1.2.27',
70 silly addNameRange     '1.3.4',
70 silly addNameRange     '1.3.5',
70 silly addNameRange     '1.3.6',
70 silly addNameRange     '1.3.7',
70 silly addNameRange     '1.2.28',
70 silly addNameRange     '1.3.8',
70 silly addNameRange     '1.4.0-beta.0',
70 silly addNameRange     '1.3.9',
70 silly addNameRange     '1.3.10',
70 silly addNameRange     '1.4.0-beta.1',
70 silly addNameRange     '1.4.0-beta.2',
70 silly addNameRange     '1.3.11',
70 silly addNameRange     '1.4.0-beta.3',
70 silly addNameRange     '1.3.12',
70 silly addNameRange     '1.3.13',
70 silly addNameRange     '1.4.0-beta.4',
70 silly addNameRange     '1.3.14',
70 silly addNameRange     '1.4.0-beta.5',
70 silly addNameRange     '1.4.0-beta.6',
70 silly addNameRange     '1.3.15',
70 silly addNameRange     '1.4.0-rc.0',
70 silly addNameRange     '1.4.0-rc.1',
70 silly addNameRange     '1.4.0-rc.2',
70 silly addNameRange     '1.4.0',
70 silly addNameRange     '1.3.16' ] ]
71 verbose addNamed [ 'angular-sanitize', '1.3.16' ]
72 verbose addNamed [ '1.3.16', '1.3.16' ]
73 silly lockFile c2679b1c-angular-sanitize-1-3-16 angular-sanitize@1.3.16
74 verbose lock angular-sanitize@1.3.16 /Users/prabhatsingh/.npm/c2679b1c-angular-sanitize-1-3-16.lock
75 silly lockFile c2679b1c-angular-sanitize-1-3-16 angular-sanitize@1.3.16
76 silly lockFile c2679b1c-angular-sanitize-1-3-16 angular-sanitize@1.3.16
77 silly lockFile d3afb05e-angular-sanitize angular-sanitize@
78 silly lockFile d3afb05e-angular-sanitize angular-sanitize@
79 http 200 https://registry.npmjs.org/install
80 silly registry.get cb [ 200,
80 silly registry.get   { server: 'CouchDB/1.5.0 (Erlang OTP/R16B03)',
80 silly registry.get     etag: '"113P54VHX3FJP3LDSDBKOLHUM"',
80 silly registry.get     'content-type': 'application/json',
80 silly registry.get     'cache-control': 'max-age=60',
80 silly registry.get     'content-length': '10412',
80 silly registry.get     'accept-ranges': 'bytes',
80 silly registry.get     date: 'Sat, 06 Jun 2015 08:01:11 GMT',
80 silly registry.get     via: '1.1 varnish',
80 silly registry.get     age: '0',
80 silly registry.get     connection: 'keep-alive',
80 silly registry.get     'x-served-by': 'cache-sin6920-SIN',
80 silly registry.get     'x-cache': 'HIT',
80 silly registry.get     'x-cache-hits': '1',
80 silly registry.get     'x-timer': 'S1433577671.236148,VS0,VE251',
80 silly registry.get     vary: 'Accept' } ]
81 silly addNameRange number 2 { name: 'install', range: '*', hasData: true }
82 silly addNameRange versions [ 'install',
82 silly addNameRange   [ '0.1.1',
82 silly addNameRange     '0.1.2',
82 silly addNameRange     '0.1.3',
82 silly addNameRange     '0.1.4',
82 silly addNameRange     '0.1.5',
82 silly addNameRange     '0.1.6',
82 silly addNameRange     '0.1.7',
82 silly addNameRange     '0.1.8' ] ]
83 verbose addNamed [ 'install', '0.1.8' ]
84 verbose addNamed [ '0.1.8', '0.1.8' ]
85 silly lockFile 584c81dc-install-0-1-8 install@0.1.8
86 verbose lock install@0.1.8 /Users/prabhatsingh/.npm/584c81dc-install-0-1-8.lock
87 silly lockFile cb455ad4-js-org-install-install-0-1-8-tgz https://registry.npmjs.org/install/-/install-0.1.8.tgz
88 verbose lock https://registry.npmjs.org/install/-/install-0.1.8.tgz /Users/prabhatsingh/.npm/cb455ad4-js-org-install-install-0-1-8-tgz.lock
89 verbose addRemoteTarball [ 'https://registry.npmjs.org/install/-/install-0.1.8.tgz',
89 verbose addRemoteTarball   '9980ef93e30dfb534778d163bc86ddd472ad5fe8' ]
90 info retry fetch attempt 1 at 13:31:10
91 verbose fetch to= /var/folders/n5/gbbfnrzx2xndlck3vrd7z67c0000gn/T/npm-85218-0lOyn-Yo/registry.npmjs.org/install/-/install-0.1.8.tgz
92 http GET https://registry.npmjs.org/install/-/install-0.1.8.tgz
93 http 404 https://registry.npmjs.org/angular-sanitizebower
94 verbose headers { server: 'CouchDB/1.5.0 (Erlang OTP/R16B03)',
94 verbose headers   'content-type': 'application/json',
94 verbose headers   'cache-control': 'max-age=0',
94 verbose headers   'content-length': '51',
94 verbose headers   'accept-ranges': 'bytes',
94 verbose headers   date: 'Sat, 06 Jun 2015 08:01:12 GMT',
94 verbose headers   via: '1.1 varnish',
94 verbose headers   age: '0',
94 verbose headers   connection: 'keep-alive',
94 verbose headers   'x-served-by': 'cache-sin6921-SIN',
94 verbose headers   'x-cache': 'MISS',
94 verbose headers   'x-cache-hits': '0',
94 verbose headers   'x-timer': 'S1433577671.360692,VS0,VE1017' }
95 silly registry.get cb [ 404,
95 silly registry.get   { server: 'CouchDB/1.5.0 (Erlang OTP/R16B03)',
95 silly registry.get     'content-type': 'application/json',
95 silly registry.get     'cache-control': 'max-age=0',
95 silly registry.get     'content-length': '51',
95 silly registry.get     'accept-ranges': 'bytes',
95 silly registry.get     date: 'Sat, 06 Jun 2015 08:01:12 GMT',
95 silly registry.get     via: '1.1 varnish',
95 silly registry.get     age: '0',
95 silly registry.get     connection: 'keep-alive',
95 silly registry.get     'x-served-by': 'cache-sin6921-SIN',
95 silly registry.get     'x-cache': 'MISS',
95 silly registry.get     'x-cache-hits': '0',
95 silly registry.get     'x-timer': 'S1433577671.360692,VS0,VE1017' } ]
96 silly lockFile 4307069e-angular-sanitizebower angular-sanitizebower@
97 silly lockFile 4307069e-angular-sanitizebower angular-sanitizebower@
98 http 200 https://registry.npmjs.org/install/-/install-0.1.8.tgz
99 silly lockFile cb455ad4-js-org-install-install-0-1-8-tgz https://registry.npmjs.org/install/-/install-0.1.8.tgz
100 silly lockFile cb455ad4-js-org-install-install-0-1-8-tgz https://registry.npmjs.org/install/-/install-0.1.8.tgz
101 silly lockFile 584c81dc-install-0-1-8 install@0.1.8
102 silly lockFile 584c81dc-install-0-1-8 install@0.1.8
103 silly lockFile cadb329f-install install@
104 silly lockFile cadb329f-install install@
105 error 404 404 Not Found: angular-sanitizebower
105 error 404
105 error 404 'angular-sanitizebower' is not in the npm registry.
105 error 404 You should bug the author to publish it
105 error 404
105 error 404 Note that you can also install from a
105 error 404 tarball, folder, or http url, or git url.
106 error System Darwin 14.1.0
107 error command "node" "/usr/local/bin/npm" "install" "angular-sanitizebower" "install" "angular-sanitize"
108 error cwd /Users/prabhatsingh/clancap
109 error node -v v0.10.35
110 error npm -v 1.4.28
111 error code E404
112 verbose exit [ 1, true ]
